0 info it worked if it ends with ok
1 verbose cli [ 'd:\\node.exe',
1 verbose cli   'd:\\node_modules\\npm\\bin\\npm-cli.js',
1 verbose cli   'publish' ]
2 info using npm@3.10.6
3 info using node@v4.5.0
4 verbose publish [ '.' ]
5 silly cache add args [ '.', null ]
6 verbose cache add spec .
7 silly cache add parsed spec Result {
7 silly cache add   raw: '.',
7 silly cache add   scope: null,
7 silly cache add   escapedName: null,
7 silly cache add   name: null,
7 silly cache add   rawSpec: '.',
7 silly cache add   spec: 'e:\\work\\news-item\\item_build_project\\fork-sina\\build-sina-project',
7 silly cache add   type: 'directory' }
8 verbose addLocalDirectory C:\Users\tongtong3\AppData\Roaming\npm-cache\bulid-sina-project\0.0.6\package.tgz not in flight; packing
9 verbose correctMkdir C:\Users\tongtong3\AppData\Roaming\npm-cache correctMkdir not in flight; initializing
10 info lifecycle bulid-sina-project@0.0.6~prepublish: bulid-sina-project@0.0.6
11 silly lifecycle bulid-sina-project@0.0.6~prepublish: no script for prepublish, continuing
12 verbose tar pack [ 'C:\\Users\\tongtong3\\AppData\\Roaming\\npm-cache\\bulid-sina-project\\0.0.6\\package.tgz',
12 verbose tar pack   'e:\\work\\news-item\\item_build_project\\fork-sina\\build-sina-project' ]
13 verbose tarball C:\Users\tongtong3\AppData\Roaming\npm-cache\bulid-sina-project\0.0.6\package.tgz
14 verbose folder e:\work\news-item\item_build_project\fork-sina\build-sina-project
15 verbose addLocalTarball adding from inside cache C:\Users\tongtong3\AppData\Roaming\npm-cache\bulid-sina-project\0.0.6\package.tgz
16 verbose correctMkdir C:\Users\tongtong3\AppData\Roaming\npm-cache correctMkdir not in flight; initializing
17 silly cache afterAdd bulid-sina-project@0.0.6
18 verbose afterAdd C:\Users\tongtong3\AppData\Roaming\npm-cache\bulid-sina-project\0.0.6\package\package.json not in flight; writing
19 verbose correctMkdir C:\Users\tongtong3\AppData\Roaming\npm-cache correctMkdir not in flight; initializing
20 verbose afterAdd C:\Users\tongtong3\AppData\Roaming\npm-cache\bulid-sina-project\0.0.6\package\package.json written
21 silly publish { name: 'bulid-sina-project',
21 silly publish   version: '0.0.6',
21 silly publish   dependencies: { optimist: '^0.6.1', lodash: '^4.13.1' },
21 silly publish   readme: '# build-sina-project\r\n初始化新浪的项目\r\n### eg：###\r\n`node src/index.js --homeDir \'/d\' --dirName \'test-sass\'`\r\n### 参数说明 ###\r\n1. homeDir: 生成路径地址\r\n2. dirName: 生成文件的文件名字\r\n',
21 silly publish   readmeFilename: 'README.md',
21 silly publish   gitHead: '194225ccd069850ec67533818565ce00d755e217',
21 silly publish   description: '初始化新浪的项目\r ### eg：###\r `node src/index.js --homeDir \'/d\' --dirName \'test-sass\'`\r ### 参数说明 ###\r 1. homeDir: 生成路径地址\r 2. dirName: 生成文件的文件名字',
21 silly publish   _id: 'bulid-sina-project@0.0.6',
21 silly publish   scripts: {},
21 silly publish   _shasum: '812ad854843da17a6e267bba20075b8d9bccb5b3',
21 silly publish   _from: '.' }
22 verbose getPublishConfig undefined
23 silly mapToRegistry name bulid-sina-project
24 silly mapToRegistry using default registry
25 silly mapToRegistry registry https://registry.npmjs.org/
26 silly mapToRegistry data Result {
26 silly mapToRegistry   raw: 'bulid-sina-project',
26 silly mapToRegistry   scope: null,
26 silly mapToRegistry   escapedName: 'bulid-sina-project',
26 silly mapToRegistry   name: 'bulid-sina-project',
26 silly mapToRegistry   rawSpec: '',
26 silly mapToRegistry   spec: 'latest',
26 silly mapToRegistry   type: 'tag' }
27 silly mapToRegistry uri https://registry.npmjs.org/bulid-sina-project
28 verbose publish registryBase https://registry.npmjs.org/
29 silly publish uploading C:\Users\tongtong3\AppData\Roaming\npm-cache\bulid-sina-project\0.0.6\package.tgz
30 verbose request uri https://registry.npmjs.org/bulid-sina-project
31 verbose request sending authorization for write operation
32 info attempt registry request try #1 at 09:53:14
33 verbose request using bearer token for auth
34 verbose request id 74e9646f90905857
35 http request PUT https://registry.npmjs.org/bulid-sina-project
36 http 403 https://registry.npmjs.org/bulid-sina-project
37 verbose headers { 'content-type': 'application/json',
37 verbose headers   'cache-control': 'max-age=300',
37 verbose headers   'content-length': '95',
37 verbose headers   'accept-ranges': 'bytes',
37 verbose headers   date: 'Tue, 07 Feb 2017 01:52:37 GMT',
37 verbose headers   via: '1.1 varnish',
37 verbose headers   connection: 'keep-alive',
37 verbose headers   'x-served-by': 'cache-nrt6131-NRT',
37 verbose headers   'x-cache': 'MISS',
37 verbose headers   'x-cache-hits': '0',
37 verbose headers   'x-timer': 'S1486432357.606559,VS0,VE285',
37 verbose headers   vary: 'Accept-Encoding' }
38 verbose request invalidating C:\Users\tongtong3\AppData\Roaming\npm-cache\registry.npmjs.org\bulid-sina-project on PUT
39 error publish Failed PUT 403
40 verbose stack Error: "You cannot publish over the previously published version 0.0.6." : bulid-sina-project
40 verbose stack     at makeError (d:\node_modules\npm\node_modules\npm-registry-client\lib\request.js:264:12)
40 verbose stack     at CachingRegistryClient.<anonymous> (d:\node_modules\npm\node_modules\npm-registry-client\lib\request.js:252:14)
40 verbose stack     at Request._callback (d:\node_modules\npm\node_modules\npm-registry-client\lib\request.js:172:14)
40 verbose stack     at Request.self.callback (d:\node_modules\npm\node_modules\request\request.js:200:22)
40 verbose stack     at emitTwo (events.js:87:13)
40 verbose stack     at Request.emit (events.js:172:7)
40 verbose stack     at Request.<anonymous> (d:\node_modules\npm\node_modules\request\request.js:1067:10)
40 verbose stack     at emitOne (events.js:82:20)
40 verbose stack     at Request.emit (events.js:169:7)
40 verbose stack     at IncomingMessage.<anonymous> (d:\node_modules\npm\node_modules\request\request.js:988:12)
41 verbose statusCode 403
42 verbose pkgid bulid-sina-project
43 verbose cwd e:\work\news-item\item_build_project\fork-sina\build-sina-project
44 error Windows_NT 6.1.7601
45 error argv "d:\\node.exe" "d:\\node_modules\\npm\\bin\\npm-cli.js" "publish"
46 error node v4.5.0
47 error npm  v3.10.6
48 error code E403
49 error "You cannot publish over the previously published version 0.0.6." : bulid-sina-project
50 error If you need help, you may report this error at:
50 error     <https://github.com/npm/npm/issues>
51 verbose exit [ 1, true ]
